<?xml version="1.0" encoding="UTF-8"?>
<testng-results skipped="0" failed="0" total="1" passed="1">
  <reporter-output>
  </reporter-output>
  <suite name="Default suite" duration-ms="19951" started-at="2019-10-16T05:46:42Z" finished-at="2019-10-16T05:47:02Z">
    <groups>
    </groups>
    <test name="Default test" duration-ms="19951" started-at="2019-10-16T05:46:42Z" finished-at="2019-10-16T05:47:02Z">
      <class name="com.aut.testcases.LoginTest">
        <test-method status="PASS" signature="checkTestSkip()[pri:0, instance:com.aut.testcases.LoginTest@351d00c0]" name="checkTestSkip" is-config="true" duration-ms="13" started-at="2019-10-16T11:16:42Z" finished-at="2019-10-16T11:16:42Z">
          <reporter-output>
          </reporter-output>
        </test-method> <!-- checkTestSkip -->
        <test-method status="PASS" signature="AddPerson(java.util.Hashtable)[pri:0, instance:com.aut.testcases.LoginTest@351d00c0]" name="AddPerson" duration-ms="18610" started-at="2019-10-16T11:16:42Z" data-provider="getTestData" finished-at="2019-10-16T11:17:01Z">
          <params>
            <param index="0">
              <value>
                <![CDATA[{Results=PASS, Runmode=y, Errors=, USERNAME=SESA705846, PASSWORD=nidMILM0t!}]]>
              </value>
            </param>
          </params>
          <reporter-output>
          </reporter-output>
        </test-method> <!-- AddPerson -->
        <test-method status="PASS" signature="reportDataSetResult()[pri:0, instance:com.aut.testcases.LoginTest@351d00c0]" name="reportDataSetResult" is-config="true" duration-ms="1236" started-at="2019-10-16T11:17:01Z" finished-at="2019-10-16T11:17:02Z">
          <reporter-output>
          </reporter-output>
        </test-method> <!-- reportDataSetResult -->
        <test-method status="PASS" signature="reportTestResult()[pri:0, instance:com.aut.testcases.LoginTest@351d00c0]" name="reportTestResult" is-config="true" duration-ms="76" started-at="2019-10-16T11:17:02Z" finished-at="2019-10-16T11:17:02Z">
          <reporter-output>
          </reporter-output>
        </test-method> <!-- reportTestResult -->
      </class> <!-- com.aut.testcases.LoginTest -->
    </test> <!-- Default test -->
  </suite> <!-- Default suite -->
</testng-results>
